<?xml version="1.0" encoding="UTF-8"?>
<testng-results ignored="0" total="4" passed="4" failed="0" skipped="0">
  <reporter-output>
  </reporter-output>
  <suite started-at="2023-10-15T07:32:18 EDT" name="Default suite" finished-at="2023-10-15T07:32:18 EDT" duration-ms="165">
    <groups>
    </groups>
    <test started-at="2023-10-15T07:32:18 EDT" name="Default test" finished-at="2023-10-15T07:32:18 EDT" duration-ms="165">
      <class name="git.practice.MyTest">
        <test-method signature="practiceTest()[pri:0, instance:git.practice.MyTest@223d2c72]" started-at="2023-10-15T07:32:18 EDT" name="practiceTest" finished-at="2023-10-15T07:32:18 EDT" duration-ms="12" status="PASS">
          <reporter-output>
          </reporter-output>
        </test-method> <!-- practiceTest -->
        <test-method signature="practiceTest1()[pri:0, instance:git.practice.MyTest@223d2c72]" started-at="2023-10-15T07:32:18 EDT" name="practiceTest1" finished-at="2023-10-15T07:32:18 EDT" duration-ms="5" status="PASS">
          <reporter-output>
          </reporter-output>
        </test-method> <!-- practiceTest1 -->
        <test-method signature="practiceTest2()[pri:0, instance:git.practice.MyTest@223d2c72]" started-at="2023-10-15T07:32:18 EDT" name="practiceTest2" finished-at="2023-10-15T07:32:18 EDT" duration-ms="8" status="PASS">
          <reporter-output>
          </reporter-output>
        </test-method> <!-- practiceTest2 -->
        <test-method signature="practiceTest3()[pri:0, instance:git.practice.MyTest@223d2c72]" started-at="2023-10-15T07:32:18 EDT" name="practiceTest3" finished-at="2023-10-15T07:32:18 EDT" duration-ms="5" status="PASS">
          <reporter-output>
          </reporter-output>
        </test-method> <!-- practiceTest3 -->
      </class> <!-- git.practice.MyTest -->
    </test> <!-- Default test -->
  </suite> <!-- Default suite -->
</testng-results>
