<?xml version="1.0" encoding="UTF-8"?>
<!-- Generated by org.testng.reporters.JUnitXMLReporter -->
<testsuite ignored="0" hostname="DESKTOP-TPDRH5N" failures="0" tests="4" name="Default test" time="0.165" errors="0" timestamp="2023-10-15T07:32:18 EDT">
  <testcase classname="git.practice.MyTest" name="practiceTest" time="0.012"/>
  <testcase classname="git.practice.MyTest" name="practiceTest1" time="0.005"/>
  <testcase classname="git.practice.MyTest" name="practiceTest2" time="0.008"/>
  <testcase classname="git.practice.MyTest" name="practiceTest3" time="0.005"/>
</testsuite> <!-- Default test -->
